# JRE version: Java(TM) SE Runtime Environment (17.0.9+11) (build 17.0.9+11-LTS-201)
# Java VM: Java HotSpot(TM) 64-Bit Server VM (17.0.9+11-LTS-201, mixed mode, emulated-client, sharing, tiered, compressed oops, compressed class ptrs, g1 gc, windows-amd64)
GC Precious Log:
 CPUs: 16 total, 16 available
 Memory: 16108M
 Large Page Support: Disabled
 NUMA Support: Disabled
 Compressed Oops: Enabled (Zero based)
 Heap Region Size: 2M
 Heap Min Capacity: 8M
 Heap Initial Capacity: 252M
 Heap Max Capacity: 4028M
 Pre-touch: Disabled
 Parallel Workers: 13
 Concurrent Workers: 3
 Concurrent Refinement Workers: 13
 Periodic GC: Disabled
Heap:
 garbage-first heap   total 270336K, used 160211K [0x0000000704400000, 0x0000000800000000)
  region size 2048K, 3 young (6144K), 2 survivors (4096K)
 Metaspace       used 86414K, committed 87168K, reserved 1179648K
  class space    used 12338K, committed 12672K, reserved 1048576K
GC Heap History (20 events):
Event: 566.294 GC heap before
{Heap before GC invocations=34 (full 0):
 garbage-first heap   total 235520K, used 201245K [0x0000000704400000, 0x0000000800000000)
  region size 2048K, 25 young (51200K), 1 survivors (2048K)
 Metaspace       used 86166K, committed 87040K, reserved 1179648K
  class space    used 12271K, committed 12608K, reserved 1048576K
}
Event: 566.308 GC heap after
{Heap after GC invocations=35 (full 0):
 garbage-first heap   total 235520K, used 153353K [0x0000000704400000, 0x0000000800000000)
  region size 2048K, 2 young (4096K), 2 survivors (4096K)
 Metaspace       used 86166K, committed 87040K, reserved 1179648K
  class space    used 12271K, committed 12608K, reserved 1048576K
}
Event: 757.756 GC heap before
{Heap before GC invocations=36 (full 0):
 garbage-first heap   total 266240K, used 198409K [0x0000000704400000, 0x0000000800000000)
  region size 2048K, 25 young (51200K), 2 survivors (4096K)
 Metaspace       used 86193K, committed 87040K, reserved 1179648K
  class space    used 12278K, committed 12608K, reserved 1048576K
}
Event: 757.763 GC heap after
{Heap after GC invocations=37 (full 0):
 garbage-first heap   total 266240K, used 153002K [0x0000000704400000, 0x0000000800000000)
  region size 2048K, 1 young (2048K), 1 survivors (2048K)
 Metaspace       used 86193K, committed 87040K, reserved 1179648K
  class space    used 12278K, committed 12608K, reserved 1048576K
}
Event: 807.931 GC heap before
{Heap before GC invocations=37 (full 0):
 garbage-first heap   total 266240K, used 161194K [0x0000000704400000, 0x0000000800000000)
  region size 2048K, 6 young (12288K), 1 survivors (2048K)
 Metaspace       used 86193K, committed 87040K, reserved 1179648K
  class space    used 12278K, committed 12608K, reserved 1048576K
}
Event: 808.034 GC heap after
{Heap after GC invocations=38 (full 0):
 garbage-first heap   total 266240K, used 151292K [0x0000000704400000, 0x0000000800000000)
  region size 2048K, 1 young (2048K), 1 survivors (2048K)
 Metaspace       used 86193K, committed 87040K, reserved 1179648K
  class space    used 12278K, committed 12608K, reserved 1048576K
}
Event: 836.021 GC heap before
{Heap before GC invocations=38 (full 0):
 garbage-first heap   total 266240K, used 198396K [0x0000000704400000, 0x0000000800000000)
  region size 2048K, 25 young (51200K), 1 survivors (2048K)
 Metaspace       used 86267K, committed 87040K, reserved 1179648K
  class space    used 12296K, committed 12608K, reserved 1048576K
}
Event: 836.043 GC heap after
{Heap after GC invocations=39 (full 0):
 garbage-first heap   total 266240K, used 152291K [0x0000000704400000, 0x0000000800000000)
  region size 2048K, 1 young (2048K), 1 survivors (2048K)
 Metaspace       used 86267K, committed 87040K, reserved 1179648K
  class space    used 12296K, committed 12608K, reserved 1048576K
}
Event: 1127.669 GC heap before
{Heap before GC invocations=40 (full 0):
 garbage-first heap   total 270336K, used 230115K [0x0000000704400000, 0x0000000800000000)
  region size 2048K, 37 young (75776K), 1 survivors (2048K)
 Metaspace       used 86352K, committed 87168K, reserved 1179648K
  class space    used 12319K, committed 12672K, reserved 1048576K
}
Event: 1127.674 GC heap after
{Heap after GC invocations=41 (full 0):
 garbage-first heap   total 270336K, used 159465K [0x0000000704400000, 0x0000000800000000)
  region size 2048K, 2 young (4096K), 2 survivors (4096K)
 Metaspace       used 86352K, committed 87168K, reserved 1179648K
  class space    used 12319K, committed 12672K, reserved 1048576K
}
Event: 1137.387 GC heap before
{Heap before GC invocations=41 (full 0):
 garbage-first heap   total 270336K, used 167657K [0x0000000704400000, 0x0000000800000000)
  region size 2048K, 6 young (12288K), 2 survivors (4096K)
 Metaspace       used 86353K, committed 87168K, reserved 1179648K
  class space    used 12319K, committed 12672K, reserved 1048576K
}
Event: 1137.401 GC heap after
{Heap after GC invocations=42 (full 0):
 garbage-first heap   total 270336K, used 157800K [0x0000000704400000, 0x0000000800000000)
  region size 2048K, 1 young (2048K), 1 survivors (2048K)
 Metaspace       used 86353K, committed 87168K, reserved 1179648K
  class space    used 12319K, committed 12672K, reserved 1048576K
}
Event: 1229.819 GC heap before
{Heap before GC invocations=42 (full 0):
 garbage-first heap   total 270336K, used 229480K [0x0000000704400000, 0x0000000800000000)
  region size 2048K, 37 young (75776K), 1 survivors (2048K)
 Metaspace       used 86365K, committed 87168K, reserved 1179648K
  class space    used 12324K, committed 12672K, reserved 1048576K
}
Event: 1229.824 GC heap after
{Heap after GC invocations=43 (full 0):
 garbage-first heap   total 270336K, used 158907K [0x0000000704400000, 0x0000000800000000)
  region size 2048K, 1 young (2048K), 1 survivors (2048K)
 Metaspace       used 86365K, committed 87168K, reserved 1179648K
  class space    used 12324K, committed 12672K, reserved 1048576K
}
Event: 1477.149 GC heap before
{Heap before GC invocations=44 (full 0):
 garbage-first heap   total 270336K, used 232635K [0x0000000704400000, 0x0000000800000000)
  region size 2048K, 37 young (75776K), 1 survivors (2048K)
 Metaspace       used 86372K, committed 87168K, reserved 1179648K
  class space    used 12325K, committed 12672K, reserved 1048576K
}
Event: 1477.160 GC heap after
{Heap after GC invocations=45 (full 0):
 garbage-first heap   total 270336K, used 159903K [0x0000000704400000, 0x0000000800000000)
  region size 2048K, 2 young (4096K), 2 survivors (4096K)
 Metaspace       used 86372K, committed 87168K, reserved 1179648K
  class space    used 12325K, committed 12672K, reserved 1048576K
}
Event: 1534.740 GC heap before
{Heap before GC invocations=45 (full 0):
 garbage-first heap   total 270336K, used 166047K [0x0000000704400000, 0x0000000800000000)
  region size 2048K, 6 young (12288K), 2 survivors (4096K)
 Metaspace       used 86372K, committed 87168K, reserved 1179648K
  class space    used 12325K, committed 12672K, reserved 1048576K
}
Event: 1534.757 GC heap after
{Heap after GC invocations=46 (full 0):
 garbage-first heap   total 270336K, used 157458K [0x0000000704400000, 0x0000000800000000)
  region size 2048K, 1 young (2048K), 1 survivors (2048K)
 Metaspace       used 86372K, committed 87168K, reserved 1179648K
  class space    used 12325K, committed 12672K, reserved 1048576K
}
Event: 2197.768 GC heap before
{Heap before GC invocations=46 (full 0):
 garbage-first heap   total 270336K, used 229138K [0x0000000704400000, 0x0000000800000000)
  region size 2048K, 37 young (75776K), 1 survivors (2048K)
 Metaspace       used 86416K, committed 87168K, reserved 1179648K
  class space    used 12339K, committed 12672K, reserved 1048576K
}
Event: 2197.794 GC heap after
{Heap after GC invocations=47 (full 0):
 garbage-first heap   total 270336K, used 160211K [0x0000000704400000, 0x0000000800000000)
  region size 2048K, 2 young (4096K), 2 survivors (4096K)
 Metaspace       used 86416K, committed 87168K, reserved 1179648K
  class space    used 12339K, committed 12672K, reserved 1048576K
}

